<?xml version="1.0" encoding="UTF-8"?>
<testng-results ignored="0" total="4" passed="4" failed="0" skipped="0">
  <reporter-output>
  </reporter-output>
  <suite started-at="2021-06-10T22:43:03 CEST" name="Suite" finished-at="2021-06-10T22:43:30 CEST" duration-ms="26484">
    <groups>
    </groups>
    <test started-at="2021-06-10T22:43:03 CEST" name="Test" finished-at="2021-06-10T22:43:30 CEST" duration-ms="26484">
      <class name="Academy.Homepage">
        <test-method is-config="true" signature="initialize()[pri:0, instance:Academy.Homepage@7de62196]" started-at="2021-06-10T22:43:03 CEST" name="initialize" finished-at="2021-06-10T22:43:06 CEST" duration-ms="3047" status="PASS">
          <reporter-output>
          </reporter-output>
        </test-method> <!-- initialize -->
        <test-method signature="basePageNavigation(java.lang.String, java.lang.String, java.lang.String)[pri:0, instance:Academy.Homepage@7de62196]" started-at="2021-06-10T22:43:15 CEST" name="basePageNavigation" data-provider="getData" finished-at="2021-06-10T22:43:23 CEST" duration-ms="7476" status="PASS">
          <params>
            <param index="0">
              <value>
                <![CDATA[alex@mail.ru]]>
              </value>
            </param>
            <param index="1">
              <value>
                <![CDATA[test123]]>
              </value>
            </param>
            <param index="2">
              <value>
                <![CDATA[Restricted User]]>
              </value>
            </param>
          </params>
          <reporter-output>
          </reporter-output>
        </test-method> <!-- basePageNavigation -->
        <test-method signature="basePageNavigation(java.lang.String, java.lang.String, java.lang.String)[pri:0, instance:Academy.Homepage@7de62196]" started-at="2021-06-10T22:43:23 CEST" name="basePageNavigation" data-provider="getData" finished-at="2021-06-10T22:43:28 CEST" duration-ms="4998" status="PASS">
          <params>
            <param index="0">
              <value>
                <![CDATA[tom@mail.ru]]>
              </value>
            </param>
            <param index="1">
              <value>
                <![CDATA[14324324]]>
              </value>
            </param>
            <param index="2">
              <value>
                <![CDATA[Premium User]]>
              </value>
            </param>
          </params>
          <reporter-output>
          </reporter-output>
        </test-method> <!-- basePageNavigation -->
        <test-method is-config="true" signature="teardown()[pri:0, instance:Academy.Homepage@7de62196]" started-at="2021-06-10T22:43:28 CEST" name="teardown" finished-at="2021-06-10T22:43:29 CEST" duration-ms="609" status="PASS">
          <reporter-output>
          </reporter-output>
        </test-method> <!-- teardown -->
      </class> <!-- Academy.Homepage -->
      <class name="Academy.validateTitle">
        <test-method is-config="true" signature="initialize()[pri:0, instance:Academy.validateTitle@163370c2]" started-at="2021-06-10T22:43:11 CEST" name="initialize" finished-at="2021-06-10T22:43:15 CEST" duration-ms="4380" status="PASS">
          <reporter-output>
          </reporter-output>
        </test-method> <!-- initialize -->
        <test-method signature="textCheck()[pri:0, instance:Academy.validateTitle@163370c2]" started-at="2021-06-10T22:43:28 CEST" name="textCheck" finished-at="2021-06-10T22:43:28 CEST" duration-ms="29" status="PASS">
          <reporter-output>
          </reporter-output>
        </test-method> <!-- textCheck -->
        <test-method is-config="true" signature="teardown()[pri:0, instance:Academy.validateTitle@163370c2]" started-at="2021-06-10T22:43:29 CEST" name="teardown" finished-at="2021-06-10T22:43:30 CEST" duration-ms="678" status="PASS">
          <reporter-output>
          </reporter-output>
        </test-method> <!-- teardown -->
      </class> <!-- Academy.validateTitle -->
      <class name="Academy.checkNavigationBar">
        <test-method is-config="true" signature="initialize()[pri:0, instance:Academy.checkNavigationBar@51bf5add]" started-at="2021-06-10T22:43:06 CEST" name="initialize" finished-at="2021-06-10T22:43:11 CEST" duration-ms="4616" status="PASS">
          <reporter-output>
          </reporter-output>
        </test-method> <!-- initialize -->
        <test-method signature="navigationCheck()[pri:0, instance:Academy.checkNavigationBar@51bf5add]" started-at="2021-06-10T22:43:28 CEST" name="navigationCheck" finished-at="2021-06-10T22:43:28 CEST" duration-ms="34" status="PASS">
          <reporter-output>
          </reporter-output>
        </test-method> <!-- navigationCheck -->
        <test-method is-config="true" signature="teardown()[pri:0, instance:Academy.checkNavigationBar@51bf5add]" started-at="2021-06-10T22:43:29 CEST" name="teardown" finished-at="2021-06-10T22:43:29 CEST" duration-ms="586" status="PASS">
          <reporter-output>
          </reporter-output>
        </test-method> <!-- teardown -->
      </class> <!-- Academy.checkNavigationBar -->
    </test> <!-- Test -->
  </suite> <!-- Suite -->
</testng-results>
