<?xml version="1.0" encoding="UTF-8"?>
<!-- Generated by org.testng.reporters.JUnitXMLReporter -->
<testsuite ignored="2" hostname="MM0050756" failures="0" tests="4" name="Car Loan" time="0.022" errors="0" timestamp="2021-12-29T17:33:57 CET">
  <testcase classname="TestPackage.day3" name="APITestLoan" time="0.006"/>
  <testcase classname="TestPackage.day3" name="WebLogin" time="0.002"/>
  <testcase classname="TestPackage.day3" name="WebLogin" time="0.001"/>
  <testcase classname="TestPackage.day3" name="WebLogin" time="0.001"/>
  <testcase classname="TestPackage.day3" name="MobileLogin" time="0.0">
    <ignored/>
  </testcase> <!-- MobileLogin -->
  <testcase classname="TestPackage.day3" name="MobileLogout" time="0.0">
    <ignored/>
  </testcase> <!-- MobileLogout -->
</testsuite> <!-- Car Loan -->
