<?xml version="1.0" encoding="UTF-8"?>
<!-- Generated by org.testng.reporters.JUnitXMLReporter -->
<testsuite ignored="4" hostname="MM0050756" failures="0" tests="3" name="Regression" time="0.039" errors="0" timestamp="2021-12-28T17:17:34 CET">
  <testcase classname="TestPackage.day1" name="SecondTest" time="0.005"/>
  <testcase classname="TestPackage.day2" name="Demo3" time="0.001"/>
  <testcase classname="TestPackage.day3" name="MobileLogin" time="0.0"/>
  <testcase classname="TestPackage.day1" name="Demo" time="0.0">
    <ignored/>
  </testcase> <!-- Demo -->
  <testcase classname="TestPackage.day3" name="WebLogin" time="0.0">
    <ignored/>
  </testcase> <!-- WebLogin -->
  <testcase classname="TestPackage.day3" name="APITestLoan" time="0.0">
    <ignored/>
  </testcase> <!-- APITestLoan -->
  <testcase classname="TestPackage.day3" name="MobileLogout" time="0.0">
    <ignored/>
  </testcase> <!-- MobileLogout -->
</testsuite> <!-- Regression -->
