<?xml version="1.0" encoding="UTF-8"?>
<!-- Generated by org.testng.reporters.JUnitXMLReporter -->
<testsuite ignored="0" hostname="MM0050756" failures="0" tests="4" name="Test" time="26.484" errors="0" timestamp="2021-06-10T22:43:30 CEST">
  <testcase classname="Academy.Homepage" name="basePageNavigation" time="7.476"/>
  <testcase classname="Academy.Homepage" name="basePageNavigation" time="4.998"/>
  <testcase classname="Academy.validateTitle" name="textCheck" time="0.029"/>
  <testcase classname="Academy.checkNavigationBar" name="navigationCheck" time="0.034"/>
</testsuite> <!-- Test -->
