<?xml version="1.0" encoding="UTF-8"?>
<!-- Generated by org.testng.reporters.JUnitXMLReporter -->
<testsuite ignored="1" hostname="MM0050756" failures="0" tests="2" name="Car Loan" time="0.004" errors="0" timestamp="2021-05-25T18:23:36 CEST">
  <testcase classname="test2.day3" name="LoginAPIcarLoan" time="0.001"/>
  <testcase classname="test2.day3" name="WeblogincarLoan" time="0.001"/>
  <testcase classname="test2.day3" name="MobileLogincarLoan" time="0.0">
    <ignored/>
  </testcase> <!-- MobileLogincarLoan -->
</testsuite> <!-- Car Loan -->
