<?xml version="1.0" encoding="UTF-8"?>
<!-- Generated by org.testng.reporters.JUnitXMLReporter -->
<testsuite ignored="0" hostname="MM0050756" failures="0" tests="7" name="Personal loan" time="0.039" errors="0" timestamp="2021-05-25T18:23:36 CEST">
  <testcase classname="test2.day1" name="Demo" time="0.004"/>
  <testcase classname="test2.day1" name="SecondTest" time="0.0"/>
  <testcase classname="test2.day2" name="Demo" time="0.001"/>
  <testcase classname="test2.day2" name="SecondTest" time="0.0"/>
  <testcase classname="test2.day4" name="LoginAPIcarLoan" time="0.001"/>
  <testcase classname="test2.day4" name="MobileLogincarLoan" time="0.001"/>
  <testcase classname="test2.day4" name="WeblogincarLoan" time="0.0"/>
</testsuite> <!-- Personal loan -->
